<?xml version="1.0" encoding="UTF-8"?>
<!-- Generated by org.testng.reporters.JUnitReportReporter -->
<testsuite skipped="0" hostname="NividousKeyur" name="com.crm.qa.testcases.ContactsPageTest" tests="2" failures="0" timestamp="20 Dec 2019 13:40:19 GMT" time="75.010" errors="0">
  <testcase name="verifyContactsPageLabel" time="36.828" classname="com.crm.qa.testcases.ContactsPageTest"/>
  <testcase name="selectSingleContactsTest" time="38.182" classname="com.crm.qa.testcases.ContactsPageTest"/>
</testsuite> <!-- com.crm.qa.testcases.ContactsPageTest -->
