<?xml version="1.0" encoding="UTF-8"?>
<!-- Generated by org.testng.reporters.JUnitReportReporter -->
<testsuite skipped="0" hostname="Keyur" name="com.crm.qa.testcases.LoginPageTest" tests="2" failures="0" timestamp="25 Aug 2020 14:01:53 GMT" time="34.711" errors="0">
  <testcase name="loginPageTitleTest" time="16.538" classname="com.crm.qa.testcases.LoginPageTest"/>
  <testcase name="loginTest" time="18.173" classname="com.crm.qa.testcases.LoginPageTest"/>
</testsuite> <!-- com.crm.qa.testcases.LoginPageTest -->
