<?xml version="1.0" encoding="UTF-8"?>
<!-- Generated by org.testng.reporters.JUnitReportReporter -->
<testsuite skipped="0" hostname="Keyur" name="com.crm.qa.testcases.HomePageTest" tests="3" failures="0" timestamp="23 Aug 2020 18:11:36 GMT" time="73.921" errors="0">
  <testcase name="verifyHomePageTitleTest" time="21.115" classname="com.crm.qa.testcases.HomePageTest"/>
  <testcase name="verifyUserNameTest" time="27.147" classname="com.crm.qa.testcases.HomePageTest"/>
  <testcase name="verifyContactsLinkTest" time="25.659" classname="com.crm.qa.testcases.HomePageTest"/>
</testsuite> <!-- com.crm.qa.testcases.HomePageTest -->
