<?xml version="1.0" encoding="UTF-8"?>
<!-- Generated by org.testng.reporters.JUnitReportReporter -->
<testsuite skipped="0" hostname="NividousKeyur" name="com.crm.qa.testcases.LoginPageTest" tests="1" failures="0" timestamp="06 Feb 2020 14:04:15 GMT" time="20.415" errors="0">
  <testcase name="loginPageTitleTest" time="20.415" classname="com.crm.qa.testcases.LoginPageTest"/>
</testsuite> <!-- com.crm.qa.testcases.LoginPageTest -->
